# JRE version: OpenJDK Runtime Environment (15.0+36) (build 15+36-1562)
# Java VM: OpenJDK 64-Bit Server VM (15+36-1562, mixed mode, sharing, tiered, compressed oops, g1 gc, windows-amd64)
GC Precious Log:
 CPUs: 12 total, 12 available
 Memory: 16332M
 Large Page Support: Disabled
 NUMA Support: Disabled
 Compressed Oops: Enabled (Zero based)
 Heap Region Size: 2M
 Heap Min Capacity: 8M
 Heap Initial Capacity: 256M
 Heap Max Capacity: 4084M
 Pre-touch: Disabled
 Parallel Workers: 10
 Concurrent Workers: 3
 Concurrent Refinement Workers: 10
 Periodic GC: Disabled
Heap:
 garbage-first heap   total 55296K, used 38352K [0x0000000700c00000, 0x0000000800000000)
  region size 2048K, 9 young (18432K), 1 survivors (2048K)
 Metaspace       used 51239K, capacity 51697K, committed 52048K, reserved 1095680K
  class space    used 6682K, capacity 6813K, committed 6912K, reserved 1048576K
GC Heap History (20 events):
Event: 5.404 GC heap before
{Heap before GC invocations=5 (full 0):
 garbage-first heap   total 55296K, used 40047K [0x0000000700c00000, 0x0000000800000000)
  region size 2048K, 16 young (32768K), 3 survivors (6144K)
 Metaspace       used 22750K, capacity 23083K, committed 23344K, reserved 1069056K
  class space    used 2790K, capacity 2893K, committed 2944K, reserved 1048576K
}
Event: 5.413 GC heap after
{Heap after GC invocations=6 (full 0):
 garbage-first heap   total 55296K, used 14531K [0x0000000700c00000, 0x0000000800000000)
  region size 2048K, 2 young (4096K), 2 survivors (4096K)
 Metaspace       used 22750K, capacity 23083K, committed 23344K, reserved 1069056K
  class space    used 2790K, capacity 2893K, committed 2944K, reserved 1048576K
}
Event: 6.815 GC heap before
{Heap before GC invocations=6 (full 0):
 garbage-first heap   total 55296K, used 37059K [0x0000000700c00000, 0x0000000800000000)
  region size 2048K, 13 young (26624K), 2 survivors (4096K)
 Metaspace       used 26318K, capacity 26652K, committed 26800K, reserved 1073152K
  class space    used 3372K, capacity 3481K, committed 3584K, reserved 1048576K
}
Event: 6.821 GC heap after
{Heap after GC invocations=7 (full 0):
 garbage-first heap   total 55296K, used 15450K [0x0000000700c00000, 0x0000000800000000)
  region size 2048K, 2 young (4096K), 2 survivors (4096K)
 Metaspace       used 26318K, capacity 26652K, committed 26800K, reserved 1073152K
  class space    used 3372K, capacity 3481K, committed 3584K, reserved 1048576K
}
Event: 8.562 GC heap before
{Heap before GC invocations=7 (full 0):
 garbage-first heap   total 55296K, used 35930K [0x0000000700c00000, 0x0000000800000000)
  region size 2048K, 13 young (26624K), 2 survivors (4096K)
 Metaspace       used 31260K, capacity 31612K, committed 31664K, reserved 1077248K
  class space    used 3951K, capacity 4082K, committed 4096K, reserved 1048576K
}
Event: 8.576 GC heap after
{Heap after GC invocations=8 (full 0):
 garbage-first heap   total 55296K, used 17800K [0x0000000700c00000, 0x0000000800000000)
  region size 2048K, 2 young (4096K), 2 survivors (4096K)
 Metaspace       used 31260K, capacity 31612K, committed 31664K, reserved 1077248K
  class space    used 3951K, capacity 4082K, committed 4096K, reserved 1048576K
}
Event: 8.590 GC heap before
{Heap before GC invocations=8 (full 0):
 garbage-first heap   total 55296K, used 38280K [0x0000000700c00000, 0x0000000800000000)
  region size 2048K, 13 young (26624K), 2 survivors (4096K)
 Metaspace       used 31267K, capacity 31612K, committed 31664K, reserved 1077248K
  class space    used 3951K, capacity 4082K, committed 4096K, reserved 1048576K
}
Event: 8.600 GC heap after
{Heap after GC invocations=9 (full 0):
 garbage-first heap   total 55296K, used 18497K [0x0000000700c00000, 0x0000000800000000)
  region size 2048K, 1 young (2048K), 1 survivors (2048K)
 Metaspace       used 31267K, capacity 31612K, committed 31664K, reserved 1077248K
  class space    used 3951K, capacity 4082K, committed 4096K, reserved 1048576K
}
Event: 8.650 GC heap before
{Heap before GC invocations=9 (full 0):
 garbage-first heap   total 55296K, used 36929K [0x0000000700c00000, 0x0000000800000000)
  region size 2048K, 11 young (22528K), 1 survivors (2048K)
 Metaspace       used 31282K, capacity 31612K, committed 31664K, reserved 1077248K
  class space    used 3951K, capacity 4082K, committed 4096K, reserved 1048576K
}
Event: 8.651 GC heap after
{Heap after GC invocations=10 (full 0):
 garbage-first heap   total 55296K, used 18471K [0x0000000700c00000, 0x0000000800000000)
  region size 2048K, 1 young (2048K), 1 survivors (2048K)
 Metaspace       used 31282K, capacity 31612K, committed 31664K, reserved 1077248K
  class space    used 3951K, capacity 4082K, committed 4096K, reserved 1048576K
}
Event: 9.167 GC heap before
{Heap before GC invocations=10 (full 0):
 garbage-first heap   total 55296K, used 38951K [0x0000000700c00000, 0x0000000800000000)
  region size 2048K, 12 young (24576K), 1 survivors (2048K)
 Metaspace       used 32144K, capacity 32555K, committed 32816K, reserved 1077248K
  class space    used 4058K, capacity 4181K, committed 4224K, reserved 1048576K
}
Event: 9.171 GC heap after
{Heap after GC invocations=11 (full 0):
 garbage-first heap   total 55296K, used 18227K [0x0000000700c00000, 0x0000000800000000)
  region size 2048K, 1 young (2048K), 1 survivors (2048K)
 Metaspace       used 32144K, capacity 32555K, committed 32816K, reserved 1077248K
  class space    used 4058K, capacity 4181K, committed 4224K, reserved 1048576K
}
Event: 9.886 GC heap before
{Heap before GC invocations=11 (full 0):
 garbage-first heap   total 55296K, used 36659K [0x0000000700c00000, 0x0000000800000000)
  region size 2048K, 11 young (22528K), 1 survivors (2048K)
 Metaspace       used 35459K, capacity 35832K, committed 35920K, reserved 1081344K
  class space    used 4468K, capacity 4608K, committed 4608K, reserved 1048576K
}
Event: 9.889 GC heap after
{Heap after GC invocations=12 (full 0):
 garbage-first heap   total 55296K, used 19668K [0x0000000700c00000, 0x0000000800000000)
  region size 2048K, 1 young (2048K), 1 survivors (2048K)
 Metaspace       used 35459K, capacity 35832K, committed 35920K, reserved 1081344K
  class space    used 4468K, capacity 4608K, committed 4608K, reserved 1048576K
}
Event: 10.815 GC heap before
{Heap before GC invocations=13 (full 0):
 garbage-first heap   total 55296K, used 40148K [0x0000000700c00000, 0x0000000800000000)
  region size 2048K, 12 young (24576K), 1 survivors (2048K)
 Metaspace       used 39645K, capacity 40090K, committed 40272K, reserved 1085440K
  class space    used 5165K, capacity 5319K, committed 5376K, reserved 1048576K
}
Event: 10.820 GC heap after
{Heap after GC invocations=14 (full 0):
 garbage-first heap   total 55296K, used 21375K [0x0000000700c00000, 0x0000000800000000)
  region size 2048K, 2 young (4096K), 2 survivors (4096K)
 Metaspace       used 39645K, capacity 40090K, committed 40272K, reserved 1085440K
  class space    used 5165K, capacity 5319K, committed 5376K, reserved 1048576K
}
Event: 11.727 GC heap before
{Heap before GC invocations=14 (full 0):
 garbage-first heap   total 55296K, used 39807K [0x0000000700c00000, 0x0000000800000000)
  region size 2048K, 12 young (24576K), 2 survivors (4096K)
 Metaspace       used 44163K, capacity 44528K, committed 44624K, reserved 1087488K
  class space    used 5684K, capacity 5814K, committed 5888K, reserved 1048576K
}
Event: 11.732 GC heap after
{Heap after GC invocations=15 (full 0):
 garbage-first heap   total 55296K, used 24138K [0x0000000700c00000, 0x0000000800000000)
  region size 2048K, 2 young (4096K), 2 survivors (4096K)
 Metaspace       used 44163K, capacity 44528K, committed 44624K, reserved 1087488K
  class space    used 5684K, capacity 5814K, committed 5888K, reserved 1048576K
}
Event: 12.300 GC heap before
{Heap before GC invocations=15 (full 0):
 garbage-first heap   total 55296K, used 40522K [0x0000000700c00000, 0x0000000800000000)
  region size 2048K, 11 young (22528K), 2 survivors (4096K)
 Metaspace       used 47687K, capacity 48133K, committed 48336K, reserved 1091584K
  class space    used 6140K, capacity 6266K, committed 6272K, reserved 1048576K
}
Event: 12.304 GC heap after
{Heap after GC invocations=16 (full 0):
 garbage-first heap   total 55296K, used 26064K [0x0000000700c00000, 0x0000000800000000)
  region size 2048K, 1 young (2048K), 1 survivors (2048K)
 Metaspace       used 47687K, capacity 48133K, committed 48336K, reserved 1091584K
  class space    used 6140K, capacity 6266K, committed 6272K, reserved 1048576K
}

